Using pre-set license
Built from '2021.3/staging' branch; Version is '2021.3.23f1 (213b516bf396) revision 2177873'; Using compiler version '192829333'; Build Type 'Release'
OS: 'Windows 11  (10.0.22621) 64bit CoreSingleLanguage' Language: 'en' Physical Memory: 15694 MB
BatchMode: 1, IsHumanControllingUs: 0, StartBugReporterOnCrash: 0, Is64bit: 1, IsPro: 1

COMMAND LINE ARGUMENTS:
C:\Program Files\Unity\Hub\Editor\2021.3.23f1\Editor\Unity.exe
-adb2
-batchMode
-noUpm
-name
AssetImportWorker2
-projectPath
C:/CODES/slash-ninja/client
-logFile
Logs/AssetImportWorker2.log
-srvPort
51478
Successfully changed project path to: C:/CODES/slash-ninja/client
C:/CODES/slash-ninja/client
[UnityMemory] Configuration Parameters - Can be set up in boot.config
    "memorysetup-bucket-allocator-granularity=16"
    "memorysetup-bucket-allocator-bucket-count=8"
    "memorysetup-bucket-allocator-block-size=33554432"
    "memorysetup-bucket-allocator-block-count=8"
    "memorysetup-main-allocator-block-size=16777216"
    "memorysetup-thread-allocator-block-size=16777216"
    "memorysetup-gfx-main-allocator-block-size=16777216"
    "memorysetup-gfx-thread-allocator-block-size=16777216"
    "memorysetup-cache-allocator-block-size=4194304"
    "memorysetup-typetree-allocator-block-size=2097152"
    "memorysetup-profiler-bucket-allocator-granularity=16"
    "memorysetup-profiler-bucket-allocator-bucket-count=8"
    "memorysetup-profiler-bucket-allocator-block-size=33554432"
    "memorysetup-profiler-bucket-allocator-block-count=8"
    "memorysetup-profiler-allocator-block-size=16777216"
    "memorysetup-profiler-editor-allocator-block-size=1048576"
    "memorysetup-temp-allocator-size-main=16777216"
    "memorysetup-job-temp-allocator-block-size=2097152"
    "memorysetup-job-temp-allocator-block-size-background=1048576"
    "memorysetup-job-temp-allocator-reduction-small-platforms=262144"
    "memorysetup-temp-allocator-size-background-worker=32768"
    "memorysetup-temp-allocator-size-job-worker=262144"
    "memorysetup-temp-allocator-size-preload-manager=33554432"
    "memorysetup-temp-allocator-size-nav-mesh-worker=65536"
    "memorysetup-temp-allocator-size-audio-worker=65536"
    "memorysetup-temp-allocator-size-cloud-worker=32768"
    "memorysetup-temp-allocator-size-gi-baking-worker=262144"
    "memorysetup-temp-allocator-size-gfx=262144"
Player connection [1832] Host "[IP] 192.168.100.203 [Port] 0 [Flags] 2 [Guid] 625021179 [EditorId] 625021179 [Version] 1048832 [Id] WindowsEditor(7,Shiroatama) [Debug] 1 [PackageName] WindowsEditor [ProjectName] Editor" joined multi-casting on [225.0.0.222:54997]...

Player connection [1832] Host "[IP] 192.168.100.203 [Port] 0 [Flags] 2 [Guid] 625021179 [EditorId] 625021179 [Version] 1048832 [Id] WindowsEditor(7,Shiroatama) [Debug] 1 [PackageName] WindowsEditor [ProjectName] Editor" joined alternative multi-casting on [225.0.0.222:34997]...

Refreshing native plugins compatible for Editor in 92.51 ms, found 4 plugins.
Preloading 0 native plugins for Editor in 0.00 ms.
Initialize engine version: 2021.3.23f1 (213b516bf396)
[Subsystems] Discovering subsystems at path C:/Program Files/Unity/Hub/Editor/2021.3.23f1/Editor/Data/Resources/UnitySubsystems
[Subsystems] Discovering subsystems at path C:/CODES/slash-ninja/client/Assets
GfxDevice: creating device client; threaded=0; jobified=0
Direct3D:
    Version:  Direct3D 11.0 [level 11.1]
    Renderer: AMD Radeon(TM) Graphics (ID=0x164c)
    Vendor:   ATI
    VRAM:     7847 MB
    Driver:   31.0.12044.3
Initialize mono
Mono path[0] = 'C:/Program Files/Unity/Hub/Editor/2021.3.23f1/Editor/Data/Managed'
Mono path[1] = 'C:/Program Files/Unity/Hub/Editor/2021.3.23f1/Editor/Data/MonoBleedingEdge/lib/mono/unityjit-win32'
Mono config path = 'C:/Program Files/Unity/Hub/Editor/2021.3.23f1/Editor/Data/MonoBleedingEdge/etc'
Using monoOptions --debugger-agent=transport=dt_socket,embedding=1,server=y,suspend=n,address=127.0.0.1:56304
Begin MonoManager ReloadAssembly
Registering precompiled unity dll's ...
Register platform support module: C:/Program Files/Unity/Hub/Editor/2021.3.23f1/Editor/Data/PlaybackEngines/WebGLSupport/UnityEditor.WebGL.Extensions.dll
Register platform support module: C:/Program Files/Unity/Hub/Editor/2021.3.23f1/Editor/Data/PlaybackEngines/WindowsStandaloneSupport/UnityEditor.WindowsStandalone.Extensions.dll
Registered in 0.004524 seconds.
Native extension for WindowsStandalone target not found
Native extension for WebGL target not found
Refreshing native plugins compatible for Editor in 85.04 ms, found 4 plugins.
Preloading 0 native plugins for Editor in 0.00 ms.
Mono: successfully reloaded assembly
- Completed reload, in  0.610 seconds
Domain Reload Profiling:
	ReloadAssembly (611ms)
		BeginReloadAssembly (76ms)
			ExecutionOrderSort (0ms)
			DisableScriptedObjects (0ms)
			BackupInstance (0ms)
			ReleaseScriptingObjects (0ms)
			CreateAndSetChildDomain (1ms)
		EndReloadAssembly (443ms)
			LoadAssemblies (74ms)
			RebuildTransferFunctionScriptingTraits (0ms)
			SetupTypeCache (105ms)
			ReleaseScriptCaches (0ms)
			RebuildScriptCaches (29ms)
			SetupLoadedEditorAssemblies (261ms)
				LogAssemblyErrors (0ms)
				InitializePlatformSupportModulesInManaged (9ms)
				SetLoadedEditorAssemblies (0ms)
				RefreshPlugins (85ms)
				BeforeProcessingInitializeOnLoad (1ms)
				ProcessInitializeOnLoadAttributes (122ms)
				ProcessInitializeOnLoadMethodAttributes (44ms)
				AfterProcessingInitializeOnLoad (0ms)
				EditorAssembliesLoaded (0ms)
			ExecutionOrderSort2 (0ms)
			AwakeInstancesAfterBackupRestoration (0ms)
Platform modules already initialized, skipping
Registering precompiled user dll's ...
Registered in 0.005260 seconds.
Begin MonoManager ReloadAssembly
Symbol file LoadedFromMemory doesn't match image C:\CODES\slash-ninja\client\Library\PackageCache\com.unity.visualscripting@1.8.0\Editor\VisualScripting.Core\Dependencies\YamlDotNet\Unity.VisualScripting.YamlDotNet.dll
Symbol file LoadedFromMemory doesn't match image C:\CODES\slash-ninja\client\Library\PackageCache\com.unity.visualscripting@1.8.0\Editor\VisualScripting.Core\Dependencies\DotNetZip\Unity.VisualScripting.IonicZip.dll
Native extension for WindowsStandalone target not found
Native extension for WebGL target not found
Refreshing native plugins compatible for Editor in 86.03 ms, found 4 plugins.
Preloading 0 native plugins for Editor in 0.00 ms.
Mono: successfully reloaded assembly
- Completed reload, in  1.058 seconds
Domain Reload Profiling:
	ReloadAssembly (1058ms)
		BeginReloadAssembly (109ms)
			ExecutionOrderSort (0ms)
			DisableScriptedObjects (6ms)
			BackupInstance (0ms)
			ReleaseScriptingObjects (0ms)
			CreateAndSetChildDomain (21ms)
		EndReloadAssembly (842ms)
			LoadAssemblies (76ms)
			RebuildTransferFunctionScriptingTraits (0ms)
			SetupTypeCache (221ms)
			ReleaseScriptCaches (1ms)
			RebuildScriptCaches (55ms)
			SetupLoadedEditorAssemblies (442ms)
				LogAssemblyErrors (0ms)
				InitializePlatformSupportModulesInManaged (5ms)
				SetLoadedEditorAssemblies (0ms)
				RefreshPlugins (86ms)
				BeforeProcessingInitializeOnLoad (92ms)
				ProcessInitializeOnLoadAttributes (216ms)
				ProcessInitializeOnLoadMethodAttributes (37ms)
				AfterProcessingInitializeOnLoad (6ms)
				EditorAssembliesLoaded (0ms)
			ExecutionOrderSort2 (0ms)
			AwakeInstancesAfterBackupRestoration (8ms)
Platform modules already initialized, skipping
========================================================================
Worker process is ready to serve import requests
Launched and connected shader compiler UnityShaderCompiler.exe after 0.05 seconds
Refreshing native plugins compatible for Editor in 0.98 ms, found 4 plugins.
Preloading 0 native plugins for Editor in 0.00 ms.
Unloading 3764 Unused Serialized files (Serialized files now loaded: 0)
Unloading 35 unused Assets / (56.5 KB). Loaded Objects now: 4223.
Memory consumption went from 145.3 MB to 145.3 MB.
Total: 3.451100 ms (FindLiveObjects: 0.459200 ms CreateObjectMapping: 0.193400 ms MarkObjects: 2.695400 ms  DeleteObjects: 0.100800 ms)

AssetImportParameters requested are different than current active one (requested -> active):
  custom:video-decoder-ogg-theora: a1e56fd34408186e4bbccfd4996cb3dc -> 
  custom:container-muxer-webm: aa71ff27fc2769a1b78a27578f13a17b -> 
  custom:container-demuxer-webm: 4f35f7cbe854078d1ac9338744f61a02 -> 
  custom:video-encoder-webm-vp8: eb34c28f22e8b96e1ab97ce403110664 -> 
  custom:audio-encoder-webm-vorbis: bf7c407c2cedff20999df2af8eb42d56 -> 
  custom:framework-win-MediaFoundation: 216162199b28c13a410421893ffa2e32 -> 
  custom:container-demuxer-ogg: 62fdf1f143b41e24485cea50d1cbac27 -> 
  custom:video-decoder-webm-vp8: 9c59270c3fd7afecdb556c50c9e8de78 -> 
  custom:audio-decoder-ogg-vorbis: bf7c407c2cedff20999df2af8eb42d56 -> 
========================================================================
Received Import Request.
  Time since last request: 27008.674685 seconds.
  path: Assets/Blackthornprod/100 Fantasy Characters Pack
  artifactKey: Guid(7a005842dca8644429b519725d12b422) Importer(815301076,1909f56bfc062723c751e8b465ee728b)
Start importing Assets/Blackthornprod/100 Fantasy Characters Pack using Guid(7a005842dca8644429b519725d12b422) Importer(815301076,1909f56bfc062723c751e8b465ee728b)  -> (artifact id: 'bb7bc94b8f1236582ef4148a3358fd18') in 0.016171 seconds 
========================================================================
Received Import Request.
  Time since last request: 1.433320 seconds.
  path: Assets/Blackthornprod/100 Fantasy Characters Pack/Prefabs
  artifactKey: Guid(f8439dd84af272449b172fa022ef5ec9) Importer(815301076,1909f56bfc062723c751e8b465ee728b)
Start importing Assets/Blackthornprod/100 Fantasy Characters Pack/Prefabs using Guid(f8439dd84af272449b172fa022ef5ec9) Importer(815301076,1909f56bfc062723c751e8b465ee728b)  -> (artifact id: '0028d7c43b2b13d58ede771a70ed87cd') in 0.009691 seconds 
========================================================================
Received Import Request.
  Time since last request: 0.064399 seconds.
  path: Assets/Blackthornprod/100 Fantasy Characters Pack/Prefabs/Character (1).prefab
  artifactKey: Guid(34a3833850ccfea4d8e03f8f79f95a8e) Importer(815301076,1909f56bfc062723c751e8b465ee728b)
Start importing Assets/Blackthornprod/100 Fantasy Characters Pack/Prefabs/Character (1).prefab using Guid(34a3833850ccfea4d8e03f8f79f95a8e) Importer(815301076,1909f56bfc062723c751e8b465ee728b)  -> (artifact id: '5574c27e2ac9e0e1200596cb24dcea3f') in 0.249625 seconds 
========================================================================
Received Import Request.
  Time since last request: 0.000043 seconds.
  path: Assets/Blackthornprod/100 Fantasy Characters Pack/Prefabs/Character (14).prefab
  artifactKey: Guid(32216c3119cb3704bbfdaf4d3f1a55e3) Importer(815301076,1909f56bfc062723c751e8b465ee728b)
Start importing Assets/Blackthornprod/100 Fantasy Characters Pack/Prefabs/Character (14).prefab using Guid(32216c3119cb3704bbfdaf4d3f1a55e3) Importer(815301076,1909f56bfc062723c751e8b465ee728b)  -> (artifact id: '1e93850b08291ed148dcea633fbee7e3') in 0.102148 seconds 
========================================================================
Received Import Request.
  Time since last request: 0.000049 seconds.
  path: Assets/Blackthornprod/100 Fantasy Characters Pack/Prefabs/Character (15).prefab
  artifactKey: Guid(96196b80ec9d1c142aa664ab0846055a) Importer(815301076,1909f56bfc062723c751e8b465ee728b)
Start importing Assets/Blackthornprod/100 Fantasy Characters Pack/Prefabs/Character (15).prefab using Guid(96196b80ec9d1c142aa664ab0846055a) Importer(815301076,1909f56bfc062723c751e8b465ee728b)  -> (artifact id: '8d0d31733a51bc44e7a1a9a86fe0b619') in 0.073309 seconds 
========================================================================
Received Import Request.
  Time since last request: 0.000039 seconds.
  path: Assets/Blackthornprod/100 Fantasy Characters Pack/Prefabs/Character (4).prefab
  artifactKey: Guid(8380884e642db8443af87c7857bf7829) Importer(815301076,1909f56bfc062723c751e8b465ee728b)
Start importing Assets/Blackthornprod/100 Fantasy Characters Pack/Prefabs/Character (4).prefab using Guid(8380884e642db8443af87c7857bf7829) Importer(815301076,1909f56bfc062723c751e8b465ee728b)  -> (artifact id: '23c040c956707f8971ba231f866365ff') in 0.070565 seconds 
========================================================================
Received Import Request.
  Time since last request: 0.000055 seconds.
  path: Assets/Blackthornprod/100 Fantasy Characters Pack/Prefabs/Character (9).prefab
  artifactKey: Guid(361981530247ec54bb679f89e208d82f) Importer(815301076,1909f56bfc062723c751e8b465ee728b)
Start importing Assets/Blackthornprod/100 Fantasy Characters Pack/Prefabs/Character (9).prefab using Guid(361981530247ec54bb679f89e208d82f) Importer(815301076,1909f56bfc062723c751e8b465ee728b)  -> (artifact id: '7c2c55c92e6e7a91e5e07b78c3f0e81d') in 0.072779 seconds 
========================================================================
Received Import Request.
  Time since last request: 0.000031 seconds.
  path: Assets/Blackthornprod/100 Fantasy Characters Pack/Prefabs/Character (45).prefab
  artifactKey: Guid(363ba562eaf0ab34e8a242fcc39fb3a9) Importer(815301076,1909f56bfc062723c751e8b465ee728b)
Start importing Assets/Blackthornprod/100 Fantasy Characters Pack/Prefabs/Character (45).prefab using Guid(363ba562eaf0ab34e8a242fcc39fb3a9) Importer(815301076,1909f56bfc062723c751e8b465ee728b)  -> (artifact id: '4e8e673f53d5fe86ac2f754da7ec78aa') in 0.069353 seconds 
========================================================================
Received Import Request.
  Time since last request: 0.000092 seconds.
  path: Assets/Blackthornprod/100 Fantasy Characters Pack/Prefabs/Character (37).prefab
  artifactKey: Guid(7f870ed1a3aa0c74cbda9323878b98a1) Importer(815301076,1909f56bfc062723c751e8b465ee728b)
Start importing Assets/Blackthornprod/100 Fantasy Characters Pack/Prefabs/Character (37).prefab using Guid(7f870ed1a3aa0c74cbda9323878b98a1) Importer(815301076,1909f56bfc062723c751e8b465ee728b)  -> (artifact id: '6d7e78d8c86905aa7d5995c2f0938c57') in 0.058506 seconds 
========================================================================
Received Import Request.
  Time since last request: 0.000050 seconds.
  path: Assets/Blackthornprod/100 Fantasy Characters Pack/Prefabs/Character (29).prefab
  artifactKey: Guid(5789fdd104b713c4f929425e70d7572d) Importer(815301076,1909f56bfc062723c751e8b465ee728b)
Start importing Assets/Blackthornprod/100 Fantasy Characters Pack/Prefabs/Character (29).prefab using Guid(5789fdd104b713c4f929425e70d7572d) Importer(815301076,1909f56bfc062723c751e8b465ee728b)  -> (artifact id: '87c6aa5e26597f9a963702e5259d5418') in 0.073304 seconds 
========================================================================
Received Import Request.
  Time since last request: 0.000052 seconds.
  path: Assets/Blackthornprod/100 Fantasy Characters Pack/Prefabs/Character (18).prefab
  artifactKey: Guid(2148be545aabd1c4fa1390327151b0ff) Importer(815301076,1909f56bfc062723c751e8b465ee728b)
Start importing Assets/Blackthornprod/100 Fantasy Characters Pack/Prefabs/Character (18).prefab using Guid(2148be545aabd1c4fa1390327151b0ff) Importer(815301076,1909f56bfc062723c751e8b465ee728b)  -> (artifact id: '3c8fe8f2e632aa9a81b7cf2ecfc16a35') in 0.074319 seconds 
========================================================================
Received Import Request.
  Time since last request: 0.000042 seconds.
  path: Assets/Blackthornprod/100 Fantasy Characters Pack/Prefabs/Character (5).prefab
  artifactKey: Guid(77be1b8f1402d744cb067e39258fcedc) Importer(815301076,1909f56bfc062723c751e8b465ee728b)
Start importing Assets/Blackthornprod/100 Fantasy Characters Pack/Prefabs/Character (5).prefab using Guid(77be1b8f1402d744cb067e39258fcedc) Importer(815301076,1909f56bfc062723c751e8b465ee728b)  -> (artifact id: '66507d78b25856da565554fce1d3f2dd') in 0.076336 seconds 
========================================================================
Received Import Request.
  Time since last request: 0.000086 seconds.
  path: Assets/Blackthornprod/100 Fantasy Characters Pack/Prefabs/Character (31).prefab
  artifactKey: Guid(b6665c1d1459a9648b89cb38e5090a5e) Importer(815301076,1909f56bfc062723c751e8b465ee728b)
Start importing Assets/Blackthornprod/100 Fantasy Characters Pack/Prefabs/Character (31).prefab using Guid(b6665c1d1459a9648b89cb38e5090a5e) Importer(815301076,1909f56bfc062723c751e8b465ee728b)  -> (artifact id: '7399ee4e92268fc7434e20a07c52bec1') in 0.067990 seconds 
========================================================================
Received Import Request.
  Time since last request: 0.000029 seconds.
  path: Assets/Blackthornprod/100 Fantasy Characters Pack/Prefabs/Character (27).prefab
  artifactKey: Guid(12df7e1d6e59b664ab788e8bd58e7501) Importer(815301076,1909f56bfc062723c751e8b465ee728b)
Start importing Assets/Blackthornprod/100 Fantasy Characters Pack/Prefabs/Character (27).prefab using Guid(12df7e1d6e59b664ab788e8bd58e7501) Importer(815301076,1909f56bfc062723c751e8b465ee728b)  -> (artifact id: 'f2b6709bca2c1979de45eec49d554c3c') in 0.075414 seconds 
========================================================================
Received Import Request.
  Time since last request: 0.000031 seconds.
  path: Assets/Blackthornprod/100 Fantasy Characters Pack/Prefabs/Character (10).prefab
  artifactKey: Guid(60b087c28ab8707418b27d15864b078e) Importer(815301076,1909f56bfc062723c751e8b465ee728b)
Start importing Assets/Blackthornprod/100 Fantasy Characters Pack/Prefabs/Character (10).prefab using Guid(60b087c28ab8707418b27d15864b078e) Importer(815301076,1909f56bfc062723c751e8b465ee728b)  -> (artifact id: 'c1972a856672d9621ccc2f61bc129ff3') in 0.080377 seconds 
========================================================================
Received Import Request.
  Time since last request: 0.000042 seconds.
  path: Assets/Blackthornprod/100 Fantasy Characters Pack/Prefabs/Character (17).prefab
  artifactKey: Guid(4b6e3090f4407fc4892cd3e5a35f4299) Importer(815301076,1909f56bfc062723c751e8b465ee728b)
Start importing Assets/Blackthornprod/100 Fantasy Characters Pack/Prefabs/Character (17).prefab using Guid(4b6e3090f4407fc4892cd3e5a35f4299) Importer(815301076,1909f56bfc062723c751e8b465ee728b)  -> (artifact id: '17c1dab7163ed69fe1e0d84a3fd670fb') in 0.071816 seconds 
========================================================================
Received Import Request.
  Time since last request: 0.000067 seconds.
  path: Assets/Blackthornprod/100 Fantasy Characters Pack/Prefabs/Character (32).prefab
  artifactKey: Guid(99ea183cd1f90814eb99d1c2db2de578) Importer(815301076,1909f56bfc062723c751e8b465ee728b)
Start importing Assets/Blackthornprod/100 Fantasy Characters Pack/Prefabs/Character (32).prefab using Guid(99ea183cd1f90814eb99d1c2db2de578) Importer(815301076,1909f56bfc062723c751e8b465ee728b)  -> (artifact id: '63bdc79a6c081e5e137a7b5db219d44a') in 0.071452 seconds 
========================================================================
Received Import Request.
  Time since last request: 52.429590 seconds.
  path: Assets/Background
  artifactKey: Guid(392d64ab8aa2e264f9ce1ce5086e82ee) Importer(815301076,1909f56bfc062723c751e8b465ee728b)
Start importing Assets/Background using Guid(392d64ab8aa2e264f9ce1ce5086e82ee) Importer(815301076,1909f56bfc062723c751e8b465ee728b)  -> (artifact id: '92e940a3b8c36ddadc15b4f2bad883d3') in 0.010647 seconds 
========================================================================
Received Import Request.
  Time since last request: 0.044286 seconds.
  path: Assets/Background/Background.png
  artifactKey: Guid(d848164d286c9854d96b190395227fb4) Importer(815301076,1909f56bfc062723c751e8b465ee728b)
Start importing Assets/Background/Background.png using Guid(d848164d286c9854d96b190395227fb4) Importer(815301076,1909f56bfc062723c751e8b465ee728b)  -> (artifact id: 'b18031f936be2efaabfc8aebf75fd72b') in 0.077831 seconds 
========================================================================
Received Import Request.
  Time since last request: 94.122482 seconds.
  path: Assets/Scripts/playerHealth.cs
  artifactKey: Guid(8c96daa58e13eea49b5f5b2511657389) Importer(815301076,1909f56bfc062723c751e8b465ee728b)
Start importing Assets/Scripts/playerHealth.cs using Guid(8c96daa58e13eea49b5f5b2511657389) Importer(815301076,1909f56bfc062723c751e8b465ee728b)  -> (artifact id: 'e24788d02fabb435b54a9a51d8e308ea') in 0.030458 seconds 
========================================================================
Received Import Request.
  Time since last request: 20.325933 seconds.
  path: Assets/Scripts/EnemyBehavior.cs
  artifactKey: Guid(c7091f84926270f4a9c88db557a0d839) Importer(815301076,1909f56bfc062723c751e8b465ee728b)
Start importing Assets/Scripts/EnemyBehavior.cs using Guid(c7091f84926270f4a9c88db557a0d839) Importer(815301076,1909f56bfc062723c751e8b465ee728b)  -> (artifact id: 'da3ba422b25b5bfa3e7dca6a75141ec5') in 0.009946 seconds 
========================================================================
Received Import Request.
  Time since last request: 3.781940 seconds.
  path: Assets/Scripts/enemyAttack.cs
  artifactKey: Guid(7661d741f67f6404b90054d6b8409057) Importer(815301076,1909f56bfc062723c751e8b465ee728b)
Start importing Assets/Scripts/enemyAttack.cs using Guid(7661d741f67f6404b90054d6b8409057) Importer(815301076,1909f56bfc062723c751e8b465ee728b)  -> (artifact id: '47c3005e126088d1404113a562cf9306') in 0.009960 seconds 
========================================================================
Received Import Request.
  Time since last request: 0.559064 seconds.
  path: Assets/Scripts/Destroy.cs
  artifactKey: Guid(69fc73054fe11ae439a6e6d4d18d31c8) Importer(815301076,1909f56bfc062723c751e8b465ee728b)
Start importing Assets/Scripts/Destroy.cs using Guid(69fc73054fe11ae439a6e6d4d18d31c8) Importer(815301076,1909f56bfc062723c751e8b465ee728b)  -> (artifact id: '461a5db49a01ce8cd5f6c75c30702878') in 0.008496 seconds 
========================================================================
Received Import Request.
  Time since last request: 1.425605 seconds.
  path: Assets/Scripts/Crosshair.cs
  artifactKey: Guid(8232350898c98fd4a8c1091b55d69eae) Importer(815301076,1909f56bfc062723c751e8b465ee728b)
Start importing Assets/Scripts/Crosshair.cs using Guid(8232350898c98fd4a8c1091b55d69eae) Importer(815301076,1909f56bfc062723c751e8b465ee728b)  -> (artifact id: 'c34f9ab2ed5b60f7e223fc5f8282d314') in 0.008828 seconds 
========================================================================
Received Import Request.
  Time since last request: 0.959015 seconds.
  path: Assets/Scripts/TargetController.cs
  artifactKey: Guid(f5f0fe8d9ac091b4ab92e5ec909bbdcf) Importer(815301076,1909f56bfc062723c751e8b465ee728b)
Start importing Assets/Scripts/TargetController.cs using Guid(f5f0fe8d9ac091b4ab92e5ec909bbdcf) Importer(815301076,1909f56bfc062723c751e8b465ee728b)  -> (artifact id: '3c04c7dd3676ed646a403edadcd0cc4f') in 0.007594 seconds 
========================================================================
Received Import Request.
  Time since last request: 7.389908 seconds.
  path: Assets/Scripts/OverlayController.cs
  artifactKey: Guid(293c49a85947530438f1c9d6084c8b5a) Importer(815301076,1909f56bfc062723c751e8b465ee728b)
Start importing Assets/Scripts/OverlayController.cs using Guid(293c49a85947530438f1c9d6084c8b5a) Importer(815301076,1909f56bfc062723c751e8b465ee728b)  -> (artifact id: '05167f291af7747c56ec4f0f24dac431') in 0.008885 seconds 
========================================================================
Received Import Request.
  Time since last request: 2.588917 seconds.
  path: Assets/Scripts/MainMenu.cs
  artifactKey: Guid(848e3c44a0c1d234c98e0813d08a2a42) Importer(815301076,1909f56bfc062723c751e8b465ee728b)
Start importing Assets/Scripts/MainMenu.cs using Guid(848e3c44a0c1d234c98e0813d08a2a42) Importer(815301076,1909f56bfc062723c751e8b465ee728b)  -> (artifact id: '38d2ae86d843ad1b7b8e947c390dbd50') in 0.008836 seconds 
========================================================================
Received Import Request.
  Time since last request: 1.499447 seconds.
  path: Assets/Scripts/HelpText.cs
  artifactKey: Guid(a7fbbc14c8ae4764894578f7261c7324) Importer(815301076,1909f56bfc062723c751e8b465ee728b)
Start importing Assets/Scripts/HelpText.cs using Guid(a7fbbc14c8ae4764894578f7261c7324) Importer(815301076,1909f56bfc062723c751e8b465ee728b)  -> (artifact id: 'fd6782b0e0514d9cf7d08f926d65ddab') in 0.008621 seconds 
========================================================================
Received Import Request.
  Time since last request: 1.601902 seconds.
  path: Assets/Scripts/HealthBar.cs
  artifactKey: Guid(5551761359b85f44ab716c1239b23520) Importer(815301076,1909f56bfc062723c751e8b465ee728b)
Start importing Assets/Scripts/HealthBar.cs using Guid(5551761359b85f44ab716c1239b23520) Importer(815301076,1909f56bfc062723c751e8b465ee728b)  -> (artifact id: 'dcbf18193ff4766601cb5413abe505c2') in 0.009022 seconds 
========================================================================
Received Prepare
Registering precompiled user dll's ...
Registered in 0.005212 seconds.
Begin MonoManager ReloadAssembly
Symbol file LoadedFromMemory doesn't match image C:\CODES\slash-ninja\client\Library\PackageCache\com.unity.visualscripting@1.8.0\Editor\VisualScripting.Core\Dependencies\YamlDotNet\Unity.VisualScripting.YamlDotNet.dll
Symbol file LoadedFromMemory doesn't match image C:\CODES\slash-ninja\client\Library\PackageCache\com.unity.visualscripting@1.8.0\Editor\VisualScripting.Core\Dependencies\DotNetZip\Unity.VisualScripting.IonicZip.dll
Native extension for WindowsStandalone target not found
Native extension for WebGL target not found
Refreshing native plugins compatible for Editor in 1.05 ms, found 4 plugins.
Preloading 0 native plugins for Editor in 0.00 ms.
Mono: successfully reloaded assembly
- Completed reload, in  1.100 seconds
Domain Reload Profiling:
	ReloadAssembly (1101ms)
		BeginReloadAssembly (130ms)
			ExecutionOrderSort (0ms)
			DisableScriptedObjects (6ms)
			BackupInstance (0ms)
			ReleaseScriptingObjects (0ms)
			CreateAndSetChildDomain (35ms)
		EndReloadAssembly (857ms)
			LoadAssemblies (89ms)
			RebuildTransferFunctionScriptingTraits (0ms)
			SetupTypeCache (278ms)
			ReleaseScriptCaches (2ms)
			RebuildScriptCaches (56ms)
			SetupLoadedEditorAssemblies (377ms)
				LogAssemblyErrors (0ms)
				InitializePlatformSupportModulesInManaged (8ms)
				SetLoadedEditorAssemblies (1ms)
				RefreshPlugins (1ms)
				BeforeProcessingInitializeOnLoad (81ms)
				ProcessInitializeOnLoadAttributes (239ms)
				ProcessInitializeOnLoadMethodAttributes (40ms)
				AfterProcessingInitializeOnLoad (7ms)
				EditorAssembliesLoaded (0ms)
			ExecutionOrderSort2 (0ms)
			AwakeInstancesAfterBackupRestoration (9ms)
Platform modules already initialized, skipping
Refreshing native plugins compatible for Editor in 3.03 ms, found 4 plugins.
Preloading 0 native plugins for Editor in 0.00 ms.
Unloading 3740 Unused Serialized files (Serialized files now loaded: 0)
Unloading 22 unused Assets / (24.6 KB). Loaded Objects now: 4238.
Memory consumption went from 147.4 MB to 147.4 MB.
Total: 3.863100 ms (FindLiveObjects: 0.580100 ms CreateObjectMapping: 0.086900 ms MarkObjects: 3.163800 ms  DeleteObjects: 0.030800 ms)

AssetImportParameters requested are different than current active one (requested -> active):
  custom:video-decoder-ogg-theora: a1e56fd34408186e4bbccfd4996cb3dc -> 
  custom:container-muxer-webm: aa71ff27fc2769a1b78a27578f13a17b -> 
  custom:container-demuxer-webm: 4f35f7cbe854078d1ac9338744f61a02 -> 
  custom:video-encoder-webm-vp8: eb34c28f22e8b96e1ab97ce403110664 -> 
  custom:audio-encoder-webm-vorbis: bf7c407c2cedff20999df2af8eb42d56 -> 
  custom:framework-win-MediaFoundation: 216162199b28c13a410421893ffa2e32 -> 
  custom:container-demuxer-ogg: 62fdf1f143b41e24485cea50d1cbac27 -> 
  custom:video-decoder-webm-vp8: 9c59270c3fd7afecdb556c50c9e8de78 -> 
  custom:audio-decoder-ogg-vorbis: bf7c407c2cedff20999df2af8eb42d56 -> 
